Change Value of Parameter Manufacturer in Part C1 Old= New=Китай
Change Value of Parameter ProductCode in Part C1 Old= New=TECAP100/10VD10
Change Value of Parameter ProductCode in Part C2 Old=GRM31CR72E104KW03L New=GRM21BR71H104K
Change Value of Parameter Manufacturer in Part C3 Old= New=Murata Electronics
Change Value of Parameter ProductCode in Part C3 Old= New=GRM21BR61A106KE19B
Change Value of Parameter Temperature in Part C3 Old=X7R New=X5R
Change Value of Parameter Manufacturer in Part C4 Old= New=Murata Electronics
Change Value of Parameter ProductCode in Part C4 Old= New=GRM21BR71H104K
Change Value of Parameter Manufacturer in Part C5 Old= New=Murata Electronics
Change Value of Parameter ProductCode in Part C5 Old= New=GRM21BR61A106KE19B
Change Value of Parameter Temperature in Part C5 Old=X7R New=X5R
Change Value of Parameter Manufacturer in Part C6 Old= New=Murata Electronics
Change Value of Parameter ProductCode in Part C6 Old= New=GRM21BR61A106KE19B
Change Value of Parameter Temperature in Part C6 Old=X7R New=X5R
Change Value of Parameter Manufacturer in Part C7 Old= New=Murata Electronics
Change Value of Parameter ProductCode in Part C7 Old= New=GRM21BR71H104K
Change Value of Parameter Manufacturer in Part C8 Old= New=Murata Electronics
Change Value of Parameter ProductCode in Part C8 Old= New=GRM21BR71H104K
Change Value of Parameter Manufacturer in Part C9 Old= New=Murata Electronics
Change Value of Parameter ProductCode in Part C9 Old= New=GRM21BR71H104K
Change Value of Parameter Manufacturer in Part C10 Old= New=Murata Electronics
Change Value of Parameter ProductCode in Part C10 Old= New=GRM21BR71H104K
Change Value of Parameter Manufacturer in Part C11 Old= New=Murata Electronics
Change Value of Parameter ProductCode in Part C11 Old= New=GRM21BR71H104K
Change Value of Parameter Manufacturer in Part C12 Old= New=Murata Electronics
Change Value of Parameter ProductCode in Part C12 Old= New=GRM21BR71H104K
Change Value of Parameter Manufacturer in Part C13 Old= New=Murata Electronics
Change Value of Parameter ProductCode in Part C13 Old= New=GRM21BR71H104K
Change Value of Parameter Accuracy in Part C14 Old=±10% New=+0.25pF
Change Value of Parameter Manufacturer in Part C14 Old= New=Yageo
Change Value of Parameter ProductCode in Part C14 Old= New=CC0805CRNPO9BN3R0
Change Value of Parameter Temperature in Part C14 Old=X7R New=X5R
Change Value of Parameter Accuracy in Part C15 Old=±10% New=+0.25pF
Change Value of Parameter Manufacturer in Part C15 Old= New=Yageo
Change Value of Parameter ProductCode in Part C15 Old= New=CC0805CRNPO9BN3R0
Change Value of Parameter Temperature in Part C15 Old=X7R New=X5R
Change Value of Parameter Manufacturer in Part C16 Old= New=Murata Electronics
Change Value of Parameter ProductCode in Part C16 Old= New=GRM21BR71H104K
Change Value of Parameter Manufacturer in Part C17 Old= New=Murata Electronics
Change Value of Parameter ProductCode in Part C17 Old= New=GRM21BR71H104K
Change Value of Parameter Manufacturer in Part C18 Old= New=Murata Electronics
Change Value of Parameter ProductCode in Part C18 Old= New=GRM21BR71H104K
Change Value of Parameter Manufacturer in Part C19 Old= New=Murata Electronics
Change Value of Parameter ProductCode in Part C19 Old= New=GRM21BR71H104K
Change Value of Parameter Manufacturer in Part C20 Old= New=Murata Electronics
Change Value of Parameter ProductCode in Part C20 Old= New=GRM21BR71H104K
Change Value of Parameter Manufacturer in Part C21 Old= New=Murata Electronics
Change Value of Parameter ProductCode in Part C21 Old= New=GRM21BR71H104K
Change Value of Parameter Manufacturer in Part C22 Old= New=Murata Electronics
Change Value of Parameter ProductCode in Part C22 Old= New=GRM21BR71H104K
Change Value of Parameter Manufacturer in Part C23 Old= New=Murata Electronics
Change Value of Parameter ProductCode in Part C23 Old= New=GRM21BR71H104K
Change Value of Parameter Manufacturer in Part C24 Old= New=Murata Electronics
Change Value of Parameter ProductCode in Part C24 Old= New=GRM21BR61A106KE19B
Change Value of Parameter Temperature in Part C24 Old=X7R New=X5R
Change Value of Parameter Manufacturer in Part C25 Old= New=Murata Electronics
Change Value of Parameter ProductCode in Part C25 Old= New=GRM21BR61A106KE19B
Change Value of Parameter Temperature in Part C25 Old=X7R New=X5R
Change Value of Parameter Manufacturer in Part C26 Old= New=Murata Electronics
Change Value of Parameter ProductCode in Part C26 Old= New=GRM21BR61A106KE19B
Change Value of Parameter Temperature in Part C26 Old=X7R New=X5R
Change Value of Parameter Manufacturer in Part C27 Old= New=Murata Electronics
Change Value of Parameter ProductCode in Part C27 Old= New=GRM21BR71H104K
Change Value of Parameter Manufacturer in Part C28 Old= New=Murata Electronics
Change Value of Parameter ProductCode in Part C28 Old= New=GRM21BR71H104K
Change Value of Parameter Manufacturer in Part C29 Old= New=Murata Electronics
Change Value of Parameter ProductCode in Part C29 Old= New=GRM21BR71H104K
Change Value of Parameter Manufacturer in Part C30 Old= New=Murata Electronics
Change Value of Parameter ProductCode in Part C30 Old= New=GRM21BR71H104K
Change Value of Parameter Manufacturer in Part C31 Old= New=Murata Electronics
Change Value of Parameter ProductCode in Part C31 Old= New=GRM21BR61A106KE19B
Change Value of Parameter Temperature in Part C31 Old=X7R New=X5R
Change Value of Parameter Manufacturer in Part C32 Old= New=Murata Electronics
Change Value of Parameter ProductCode in Part C32 Old= New=GRM21BR61A106KE19B
Change Value of Parameter Temperature in Part C32 Old=X7R New=X5R
Change Value of Parameter Manufacturer in Part C33 Old= New=Murata Electronics
Change Value of Parameter ProductCode in Part C33 Old= New=GRM21BR61A106KE19B
Change Value of Parameter Temperature in Part C33 Old=X7R New=X5R
Change Value of Parameter Manufacturer in Part C34 Old= New=Murata Electronics
Change Value of Parameter ProductCode in Part C34 Old= New=GRM21BR61A106KE19B
Change Value of Parameter Temperature in Part C34 Old=X7R New=X5R
Change Value of Parameter Manufacturer in Part R1 Old= New=Тайвань
Change Value of Parameter ProductCode in Part R1 Old= New=RC0805JR-07470RL
Change Value of Parameter Temperature in Part R1 Old=X7R New=
Change Value of Parameter Manufacturer in Part R2 Old= New=Тайвань
Change Value of Parameter ProductCode in Part R2 Old= New=RC0805JR-07470RL
Change Value of Parameter Temperature in Part R2 Old=X7R New=
Change Value of Parameter Manufacturer in Part R3 Old= New=Тайвань
Change Value of Parameter ProductCode in Part R3 Old= New=RC0805JR-07470RL
Change Value of Parameter Temperature in Part R3 Old=X7R New=
Change Value of Parameter Manufacturer in Part R4 Old= New=Panasonic
Change Value of Parameter ProductCode in Part R4 Old= New=ERJP06J102V
Change Value of Parameter Temperature in Part R4 Old=X7R New=
Change Value of Parameter Manufacturer in Part R5 Old= New=Panasonic
Change Value of Parameter ProductCode in Part R5 Old= New=ERJP06J102V
Change Value of Parameter Temperature in Part R5 Old=X7R New=
Change Value of Parameter Manufacturer in Part R6 Old= New=Тайвань
Change Value of Parameter ProductCode in Part R6 Old= New=RC0805JR-07470RL
Change Value of Parameter Temperature in Part R6 Old=X7R New=
Change Value of Parameter Manufacturer in Part R7 Old= New=Тайвань
Change Value of Parameter ProductCode in Part R7 Old= New=RC0805JR-07150RL
Change Value of Parameter Temperature in Part R7 Old=X7R New=
